[1120/200911.075:ERROR:process_memory_win.cc(73)] ReadMemory at 0xc3f21e3000 of 118784 bytes failed: Solo se completó una parte de una solicitud ReadProcessMemory o WriteProcessMemory. (0x12B)
[1120/200911.076:ERROR:process_memory_win.cc(73)] ReadMemory at 0xc3f31fe000 of 8192 bytes failed: Solo se completó una parte de una solicitud ReadProcessMemory o WriteProcessMemory. (0x12B)
[1120/200911.077:ERROR:process_memory_win.cc(73)] ReadMemory at 0xc3f41fe000 of 8192 bytes failed: Solo se completó una parte de una solicitud ReadProcessMemory o WriteProcessMemory. (0x12B)
[1120/200911.077:ERROR:process_memory_win.cc(73)] ReadMemory at 0xc3f49fd000 of 12288 bytes failed: Solo se completó una parte de una solicitud ReadProcessMemory o WriteProcessMemory. (0x12B)
[1120/200911.087:ERROR:process_memory_win.cc(73)] ReadMemory at 0xc3f51fc000 of 16384 bytes failed: Solo se completó una parte de una solicitud ReadProcessMemory o WriteProcessMemory. (0x12B)
[1120/200911.087:ERROR:process_memory_win.cc(73)] ReadMemory at 0xc3f59fd000 of 12288 bytes failed: Solo se completó una parte de una solicitud ReadProcessMemory o WriteProcessMemory. (0x12B)
[1120/200911.087:ERROR:process_memory_win.cc(73)] ReadMemory at 0xc3f61fb000 of 20480 bytes failed: Solo se completó una parte de una solicitud ReadProcessMemory o WriteProcessMemory. (0x12B)
[1120/200911.088:ERROR:process_memory_win.cc(73)] ReadMemory at 0xc3f69fd000 of 12288 bytes failed: Solo se completó una parte de una solicitud ReadProcessMemory o WriteProcessMemory. (0x12B)
[1120/200911.088:ERROR:process_memory_win.cc(73)] ReadMemory at 0xc3f71fb000 of 20480 bytes failed: Solo se completó una parte de una solicitud ReadProcessMemory o WriteProcessMemory. (0x12B)
[1120/200911.088:ERROR:process_memory_win.cc(73)] ReadMemory at 0xc3f79fa000 of 24576 bytes failed: Solo se completó una parte de una solicitud ReadProcessMemory o WriteProcessMemory. (0x12B)
[1120/200911.088:ERROR:process_memory_win.cc(73)] ReadMemory at 0xc3f81fa000 of 24576 bytes failed: Solo se completó una parte de una solicitud ReadProcessMemory o WriteProcessMemory. (0x12B)
[1120/200911.088:ERROR:process_memory_win.cc(73)] ReadMemory at 0xc3f89fd000 of 12288 bytes failed: Solo se completó una parte de una solicitud ReadProcessMemory o WriteProcessMemory. (0x12B)
[1120/200911.088:ERROR:process_memory_win.cc(73)] ReadMemory at 0xc3f29fc000 of 16384 bytes failed: Solo se completó una parte de una solicitud ReadProcessMemory o WriteProcessMemory. (0x12B)
[1120/200911.088:ERROR:process_memory_win.cc(73)] ReadMemory at 0xc3f99fd000 of 12288 bytes failed: Solo se completó una parte de una solicitud ReadProcessMemory o WriteProcessMemory. (0x12B)
[1120/200911.088:ERROR:process_memory_win.cc(73)] ReadMemory at 0xc3fa1fc000 of 16384 bytes failed: Solo se completó una parte de una solicitud ReadProcessMemory o WriteProcessMemory. (0x12B)
[1120/200911.089:ERROR:process_memory_win.cc(73)] ReadMemory at 0xc3f39fe000 of 8192 bytes failed: Solo se completó una parte de una solicitud ReadProcessMemory o WriteProcessMemory. (0x12B)
[1120/200911.089:ERROR:process_memory_win.cc(73)] ReadMemory at 0xc3f91fd000 of 12288 bytes failed: Solo se completó una parte de una solicitud ReadProcessMemory o WriteProcessMemory. (0x12B)
[1120/200911.089:ERROR:process_memory_win.cc(73)] ReadMemory at 0xc3f1900000 of 852 bytes failed: Solo se completó una parte de una solicitud ReadProcessMemory o WriteProcessMemory. (0x12B)
[1120/200911.089:ERROR:process_memory_win.cc(73)] ReadMemory at 0xc3f1901000 of 6024 bytes failed: Solo se completó una parte de una solicitud ReadProcessMemory o WriteProcessMemory. (0x12B)
[1120/200911.089:ERROR:process_memory_win.cc(73)] ReadMemory at 0xc3f1905000 of 6024 bytes failed: Solo se completó una parte de una solicitud ReadProcessMemory o WriteProcessMemory. (0x12B)
[1120/200911.089:ERROR:process_memory_win.cc(73)] ReadMemory at 0xc3f1909000 of 6024 bytes failed: Solo se completó una parte de una solicitud ReadProcessMemory o WriteProcessMemory. (0x12B)
[1120/200911.089:ERROR:process_memory_win.cc(73)] ReadMemory at 0xc3f190b000 of 6024 bytes failed: Solo se completó una parte de una solicitud ReadProcessMemory o WriteProcessMemory. (0x12B)
[1120/200911.089:ERROR:process_memory_win.cc(73)] ReadMemory at 0xc3f190d000 of 6024 bytes failed: Solo se completó una parte de una solicitud ReadProcessMemory o WriteProcessMemory. (0x12B)
[1120/200911.089:ERROR:process_memory_win.cc(73)] ReadMemory at 0xc3f190f000 of 6024 bytes failed: Solo se completó una parte de una solicitud ReadProcessMemory o WriteProcessMemory. (0x12B)
[1120/200911.090:ERROR:process_memory_win.cc(73)] ReadMemory at 0xc3f1911000 of 6024 bytes failed: Solo se completó una parte de una solicitud ReadProcessMemory o WriteProcessMemory. (0x12B)
[1120/200911.090:ERROR:process_memory_win.cc(73)] ReadMemory at 0xc3f1913000 of 6024 bytes failed: Solo se completó una parte de una solicitud ReadProcessMemory o WriteProcessMemory. (0x12B)
[1120/200911.090:ERROR:process_memory_win.cc(73)] ReadMemory at 0xc3f1915000 of 6024 bytes failed: Solo se completó una parte de una solicitud ReadProcessMemory o WriteProcessMemory. (0x12B)
[1120/200911.090:ERROR:process_memory_win.cc(73)] ReadMemory at 0xc3f1917000 of 6024 bytes failed: Solo se completó una parte de una solicitud ReadProcessMemory o WriteProcessMemory. (0x12B)
[1120/200911.090:ERROR:process_memory_win.cc(73)] ReadMemory at 0xc3f1919000 of 6024 bytes failed: Solo se completó una parte de una solicitud ReadProcessMemory o WriteProcessMemory. (0x12B)
[1120/200911.090:ERROR:process_memory_win.cc(73)] ReadMemory at 0xc3f191b000 of 6024 bytes failed: Solo se completó una parte de una solicitud ReadProcessMemory o WriteProcessMemory. (0x12B)
[1120/200911.091:ERROR:process_memory_win.cc(73)] ReadMemory at 0xc3f191f000 of 6024 bytes failed: Solo se completó una parte de una solicitud ReadProcessMemory o WriteProcessMemory. (0x12B)
[1120/200911.091:ERROR:process_memory_win.cc(73)] ReadMemory at 0xc3f1921000 of 6024 bytes failed: Solo se completó una parte de una solicitud ReadProcessMemory o WriteProcessMemory. (0x12B)
[1120/200911.091:ERROR:process_memory_win.cc(73)] ReadMemory at 0xc3f1923000 of 6024 bytes failed: Solo se completó una parte de una solicitud ReadProcessMemory o WriteProcessMemory. (0x12B)
[1120/200911.091:ERROR:process_memory_win.cc(73)] ReadMemory at 0xc3f1925000 of 6024 bytes failed: Solo se completó una parte de una solicitud ReadProcessMemory o WriteProcessMemory. (0x12B)
[1120/200911.091:ERROR:process_memory_win.cc(73)] ReadMemory at 0xc3f1927000 of 6024 bytes failed: Solo se completó una parte de una solicitud ReadProcessMemory o WriteProcessMemory. (0x12B)
[1120/200911.091:ERROR:process_memory_win.cc(73)] ReadMemory at 0x1cb00806900 of 132 bytes failed: Solo se completó una parte de una solicitud ReadProcessMemory o WriteProcessMemory. (0x12B)
[1120/200911.091:ERROR:process_memory_win.cc(73)] ReadMemory at 0x1cb00807020 of 132 bytes failed: Solo se completó una parte de una solicitud ReadProcessMemory o WriteProcessMemory. (0x12B)
[1120/200911.091:ERROR:process_memory_win.cc(73)] ReadMemory at 0x1cb00a10000 of 384 bytes failed: Solo se completó una parte de una solicitud ReadProcessMemory o WriteProcessMemory. (0x12B)
[1120/200911.091:ERROR:process_memory_win.cc(73)] ReadMemory at 0x1cb00a10230 of 512 bytes failed: Solo se completó una parte de una solicitud ReadProcessMemory o WriteProcessMemory. (0x12B)
[1120/200911.091:ERROR:process_memory_win.cc(73)] ReadMemory at 0x1cb00a10c70 of 512 bytes failed: Solo se completó una parte de una solicitud ReadProcessMemory o WriteProcessMemory. (0x12B)
[1120/200911.091:ERROR:process_memory_win.cc(73)] ReadMemory at 0x1cb00a11c00 of 512 bytes failed: Solo se completó una parte de una solicitud ReadProcessMemory o WriteProcessMemory. (0x12B)
[1120/200911.091:ERROR:process_memory_win.cc(73)] ReadMemory at 0x1cb00cb57c0 of 512 bytes failed: Solo se completó una parte de una solicitud ReadProcessMemory o WriteProcessMemory. (0x12B)
[1120/200911.091:ERROR:process_memory_win.cc(73)] ReadMemory at 0x1cb00cb6420 of 512 bytes failed: Solo se completó una parte de una solicitud ReadProcessMemory o WriteProcessMemory. (0x12B)
[1120/200911.092:ERROR:process_memory_win.cc(73)] ReadMemory at 0x1cb00cc5700 of 512 bytes failed: Solo se completó una parte de una solicitud ReadProcessMemory o WriteProcessMemory. (0x12B)
[1120/200911.092:ERROR:process_memory_win.cc(73)] ReadMemory at 0x1cb00cc6d80 of 712 bytes failed: Solo se completó una parte de una solicitud ReadProcessMemory o WriteProcessMemory. (0x12B)
[1120/200911.092:ERROR:process_memory_win.cc(73)] ReadMemory at 0x1cb0263e1c8 of 944 bytes failed: Solo se completó una parte de una solicitud ReadProcessMemory o WriteProcessMemory. (0x12B)
[1120/200911.092:ERROR:process_memory_win.cc(73)] ReadMemory at 0x1cb0263ea38 of 512 bytes failed: Solo se completó una parte de una solicitud ReadProcessMemory o WriteProcessMemory. (0x12B)
[1120/200911.092:ERROR:process_memory_win.cc(73)] ReadMemory at 0x1cb02680870 of 512 bytes failed: Solo se completó una parte de una solicitud ReadProcessMemory o WriteProcessMemory. (0x12B)
[1120/200911.092:ERROR:process_memory_win.cc(73)] ReadMemory at 0x1cb0272dc30 of 512 bytes failed: Solo se completó una parte de una solicitud ReadProcessMemory o WriteProcessMemory. (0x12B)
[1120/200911.092:ERROR:process_memory_win.cc(73)] ReadMemory at 0x1cb02773810 of 512 bytes failed: Solo se completó una parte de una solicitud ReadProcessMemory o WriteProcessMemory. (0x12B)
[1120/200911.092:ERROR:process_memory_win.cc(73)] ReadMemory at 0x1cb027a7c00 of 512 bytes failed: Solo se completó una parte de una solicitud ReadProcessMemory o WriteProcessMemory. (0x12B)
[1120/200911.092:ERROR:process_memory_win.cc(73)] ReadMemory at 0x1cb02c98440 of 512 bytes failed: Solo se completó una parte de una solicitud ReadProcessMemory o WriteProcessMemory. (0x12B)
[1120/200911.092:ERROR:process_memory_win.cc(73)] ReadMemory at 0x1cb02d4c840 of 512 bytes failed: Solo se completó una parte de una solicitud ReadProcessMemory o WriteProcessMemory. (0x12B)
[1120/200911.092:ERROR:process_memory_win.cc(73)] ReadMemory at 0x1cb046028e0 of 512 bytes failed: Solo se completó una parte de una solicitud ReadProcessMemory o WriteProcessMemory. (0x12B)
[1120/200911.092:ERROR:process_memory_win.cc(73)] ReadMemory at 0x1cb04b48fe0 of 584 bytes failed: Solo se completó una parte de una solicitud ReadProcessMemory o WriteProcessMemory. (0x12B)
[1120/200911.092:ERROR:process_memory_win.cc(73)] ReadMemory at 0x1cb04b49f60 of 608 bytes failed: Solo se completó una parte de una solicitud ReadProcessMemory o WriteProcessMemory. (0x12B)
[1120/200911.092:ERROR:process_memory_win.cc(73)] ReadMemory at 0x1cb0585ff80 of 128 bytes failed: Solo se completó una parte de una solicitud ReadProcessMemory o WriteProcessMemory. (0x12B)
[1120/200911.092:ERROR:process_memory_win.cc(73)] ReadMemory at 0x1cb0636a838 of 512 bytes failed: Solo se completó una parte de una solicitud ReadProcessMemory o WriteProcessMemory. (0x12B)
[1120/200911.093:ERROR:process_memory_win.cc(73)] ReadMemory at 0x1cb06388460 of 512 bytes failed: Solo se completó una parte de una solicitud ReadProcessMemory o WriteProcessMemory. (0x12B)
[1120/200911.093:ERROR:process_memory_win.cc(73)] ReadMemory at 0x1cb06476240 of 512 bytes failed: Solo se completó una parte de una solicitud ReadProcessMemory o WriteProcessMemory. (0x12B)
[1120/200911.093:ERROR:process_memory_win.cc(73)] ReadMemory at 0x1cb06590190 of 520 bytes failed: Solo se completó una parte de una solicitud ReadProcessMemory o WriteProcessMemory. (0x12B)
[1120/200911.093:ERROR:process_memory_win.cc(73)] ReadMemory at 0x1cb3a430ab0 of 512 bytes failed: Solo se completó una parte de una solicitud ReadProcessMemory o WriteProcessMemory. (0x12B)
[1120/200911.093:ERROR:process_memory_win.cc(73)] ReadMemory at 0x1cb3a430fc0 of 3956 bytes failed: Solo se completó una parte de una solicitud ReadProcessMemory o WriteProcessMemory. (0x12B)
[1120/200911.093:ERROR:process_memory_win.cc(73)] ReadMemory at 0x1cb3a431f40 of 1012 bytes failed: Solo se completó una parte de una solicitud ReadProcessMemory o WriteProcessMemory. (0x12B)
[1120/200911.093:ERROR:process_memory_win.cc(73)] ReadMemory at 0x1cb3a432558 of 118 bytes failed: Solo se completó una parte de una solicitud ReadProcessMemory o WriteProcessMemory. (0x12B)
[1120/200911.093:ERROR:process_memory_win.cc(73)] ReadMemory at 0x1cb3a4325d0 of 856 bytes failed: Solo se completó una parte de una solicitud ReadProcessMemory o WriteProcessMemory. (0x12B)
[1120/200911.093:ERROR:process_memory_win.cc(73)] ReadMemory at 0x1cb3a43292a of 118 bytes failed: Solo se completó una parte de una solicitud ReadProcessMemory o WriteProcessMemory. (0x12B)
[1120/200911.093:ERROR:process_memory_win.cc(73)] ReadMemory at 0x1cb3a4329a2 of 100 bytes failed: Solo se completó una parte de una solicitud ReadProcessMemory o WriteProcessMemory. (0x12B)
[1120/200911.093:ERROR:process_memory_win.cc(73)] ReadMemory at 0x1cb3a432a20 of 58 bytes failed: Solo se completó una parte de una solicitud ReadProcessMemory o WriteProcessMemory. (0x12B)
[1120/200911.093:ERROR:process_memory_win.cc(73)] ReadMemory at 0x1cb3a432b20 of 132 bytes failed: Solo se completó una parte de una solicitud ReadProcessMemory o WriteProcessMemory. (0x12B)
[1120/200911.093:ERROR:process_memory_win.cc(73)] ReadMemory at 0x1cb3a432cb0 of 132 bytes failed: Solo se completó una parte de una solicitud ReadProcessMemory o WriteProcessMemory. (0x12B)
[1120/200911.093:ERROR:process_memory_win.cc(73)] ReadMemory at 0x1cb3a432e70 of 124 bytes failed: Solo se completó una parte de una solicitud ReadProcessMemory o WriteProcessMemory. (0x12B)
[1120/200911.093:ERROR:process_memory_win.cc(73)] ReadMemory at 0x1cb3a433250 of 132 bytes failed: Solo se completó una parte de una solicitud ReadProcessMemory o WriteProcessMemory. (0x12B)
[1120/200911.093:ERROR:process_memory_win.cc(73)] ReadMemory at 0x1cb3a4333e0 of 64 bytes failed: Solo se completó una parte de una solicitud ReadProcessMemory o WriteProcessMemory. (0x12B)
[1120/200911.094:ERROR:process_memory_win.cc(73)] ReadMemory at 0x1cb3a4335a0 of 132 bytes failed: Solo se completó una parte de una solicitud ReadProcessMemory o WriteProcessMemory. (0x12B)
[1120/200911.094:ERROR:process_memory_win.cc(73)] ReadMemory at 0x1cb3a433830 of 132 bytes failed: Solo se completó una parte de una solicitud ReadProcessMemory o WriteProcessMemory. (0x12B)
[1120/200911.094:ERROR:process_memory_win.cc(73)] ReadMemory at 0x1cb3a4339c0 of 68 bytes failed: Solo se completó una parte de una solicitud ReadProcessMemory o WriteProcessMemory. (0x12B)
[1120/200911.094:ERROR:process_memory_win.cc(73)] ReadMemory at 0x1cb3a434810 of 60 bytes failed: Solo se completó una parte de una solicitud ReadProcessMemory o WriteProcessMemory. (0x12B)
[1120/200911.094:ERROR:process_memory_win.cc(73)] ReadMemory at 0x1cb3a434890 of 132 bytes failed: Solo se completó una parte de una solicitud ReadProcessMemory o WriteProcessMemory. (0x12B)
[1120/200911.094:ERROR:process_memory_win.cc(73)] ReadMemory at 0x1cb3a434a20 of 152 bytes failed: Solo se completó una parte de una solicitud ReadProcessMemory o WriteProcessMemory. (0x12B)
[1120/200911.094:ERROR:process_memory_win.cc(73)] ReadMemory at 0x1cb3a4355f0 of 132 bytes failed: Solo se completó una parte de una solicitud ReadProcessMemory o WriteProcessMemory. (0x12B)
[1120/200911.094:ERROR:process_memory_win.cc(73)] ReadMemory at 0x1cb3a4358a0 of 62 bytes failed: Solo se completó una parte de una solicitud ReadProcessMemory o WriteProcessMemory. (0x12B)
[1120/200911.094:ERROR:process_memory_win.cc(73)] ReadMemory at 0x1cb3a4358f0 of 150 bytes failed: Solo se completó una parte de una solicitud ReadProcessMemory o WriteProcessMemory. (0x12B)
[1120/200911.094:ERROR:process_memory_win.cc(73)] ReadMemory at 0x1cb3a4359e0 of 60 bytes failed: Solo se completó una parte de una solicitud ReadProcessMemory o WriteProcessMemory. (0x12B)
[1120/200911.094:ERROR:process_memory_win.cc(73)] ReadMemory at 0x1cb3a435e60 of 132 bytes failed: Solo se completó una parte de una solicitud ReadProcessMemory o WriteProcessMemory. (0x12B)
[1120/200911.094:ERROR:process_memory_win.cc(73)] ReadMemory at 0x1cb3a436cd0 of 132 bytes failed: Solo se completó una parte de una solicitud ReadProcessMemory o WriteProcessMemory. (0x12B)
[1120/200911.094:ERROR:process_memory_win.cc(73)] ReadMemory at 0x1cb3a436ee0 of 132 bytes failed: Solo se completó una parte de una solicitud ReadProcessMemory o WriteProcessMemory. (0x12B)
[1120/200911.094:ERROR:process_memory_win.cc(73)] ReadMemory at 0x1cb3a437070 of 60 bytes failed: Solo se completó una parte de una solicitud ReadProcessMemory o WriteProcessMemory. (0x12B)
[1120/200911.094:ERROR:process_memory_win.cc(73)] ReadMemory at 0x1cb3a437310 of 132 bytes failed: Solo se completó una parte de una solicitud ReadProcessMemory o WriteProcessMemory. (0x12B)
[1120/200911.094:ERROR:process_memory_win.cc(73)] ReadMemory at 0x1cb3a4374a0 of 60 bytes failed: Solo se completó una parte de una solicitud ReadProcessMemory o WriteProcessMemory. (0x12B)
[1120/200911.095:ERROR:process_memory_win.cc(73)] ReadMemory at 0x1cb3a4399b0 of 132 bytes failed: Solo se completó una parte de una solicitud ReadProcessMemory o WriteProcessMemory. (0x12B)
[1120/200911.095:ERROR:process_memory_win.cc(73)] ReadMemory at 0x1cb3a439b40 of 58 bytes failed: Solo se completó una parte de una solicitud ReadProcessMemory o WriteProcessMemory. (0x12B)
[1120/200911.095:ERROR:process_memory_win.cc(73)] ReadMemory at 0x1cb3a439d40 of 132 bytes failed: Solo se completó una parte de una solicitud ReadProcessMemory o WriteProcessMemory. (0x12B)
[1120/200911.095:ERROR:process_memory_win.cc(73)] ReadMemory at 0x1cb3a439f20 of 64 bytes failed: Solo se completó una parte de una solicitud ReadProcessMemory o WriteProcessMemory. (0x12B)
[1120/200911.095:ERROR:process_memory_win.cc(73)] ReadMemory at 0x1cb3a439f70 of 62 bytes failed: Solo se completó una parte de una solicitud ReadProcessMemory o WriteProcessMemory. (0x12B)
[1120/200911.095:ERROR:process_memory_win.cc(73)] ReadMemory at 0x1cb3a43a060 of 58 bytes failed: Solo se completó una parte de una solicitud ReadProcessMemory o WriteProcessMemory. (0x12B)
[1120/200911.095:ERROR:process_memory_win.cc(73)] ReadMemory at 0x1cb3a43a150 of 66 bytes failed: Solo se completó una parte de una solicitud ReadProcessMemory o WriteProcessMemory. (0x12B)
[1120/200911.095:ERROR:process_memory_win.cc(73)] ReadMemory at 0x1cb3a43a1f0 of 66 bytes failed: Solo se completó una parte de una solicitud ReadProcessMemory o WriteProcessMemory. (0x12B)
[1120/200911.095:ERROR:process_memory_win.cc(73)] ReadMemory at 0x1cb3a43a330 of 62 bytes failed: Solo se completó una parte de una solicitud ReadProcessMemory o WriteProcessMemory. (0x12B)
[1120/200911.095:ERROR:process_memory_win.cc(73)] ReadMemory at 0x1cb3a43a380 of 64 bytes failed: Solo se completó una parte de una solicitud ReadProcessMemory o WriteProcessMemory. (0x12B)
[1120/200911.095:ERROR:process_memory_win.cc(73)] ReadMemory at 0x1cb3a43a3d0 of 60 bytes failed: Solo se completó una parte de una solicitud ReadProcessMemory o WriteProcessMemory. (0x12B)
[1120/200911.095:ERROR:process_memory_win.cc(73)] ReadMemory at 0x1cb3a43a4c0 of 64 bytes failed: Solo se completó una parte de una solicitud ReadProcessMemory o WriteProcessMemory. (0x12B)
[1120/200911.095:ERROR:process_memory_win.cc(73)] ReadMemory at 0x1cb3a43a650 of 62 bytes failed: Solo se completó una parte de una solicitud ReadProcessMemory o WriteProcessMemory. (0x12B)
[1120/200911.095:ERROR:process_memory_win.cc(73)] ReadMemory at 0x1cb3a43ad50 of 132 bytes failed: Solo se completó una parte de una solicitud ReadProcessMemory o WriteProcessMemory. (0x12B)
[1120/200911.095:ERROR:process_memory_win.cc(73)] ReadMemory at 0x1cb3a43b110 of 132 bytes failed: Solo se completó una parte de una solicitud ReadProcessMemory o WriteProcessMemory. (0x12B)
[1120/200911.095:ERROR:process_memory_win.cc(73)] ReadMemory at 0x1cb3a43b770 of 80 bytes failed: Solo se completó una parte de una solicitud ReadProcessMemory o WriteProcessMemory. (0x12B)
[1120/200911.095:ERROR:process_memory_win.cc(73)] ReadMemory at 0x1cb3a43b890 of 76 bytes failed: Solo se completó una parte de una solicitud ReadProcessMemory o WriteProcessMemory. (0x12B)
[1120/200911.095:ERROR:process_memory_win.cc(73)] ReadMemory at 0x1cb3a43c020 of 132 bytes failed: Solo se completó una parte de una solicitud ReadProcessMemory o WriteProcessMemory. (0x12B)
[1120/200911.096:ERROR:process_memory_win.cc(73)] ReadMemory at 0x1cb3a43c370 of 132 bytes failed: Solo se completó una parte de una solicitud ReadProcessMemory o WriteProcessMemory. (0x12B)
[1120/200911.096:ERROR:process_memory_win.cc(73)] ReadMemory at 0x1cb3a43c7e0 of 132 bytes failed: Solo se completó una parte de una solicitud ReadProcessMemory o WriteProcessMemory. (0x12B)
[1120/200911.096:ERROR:process_memory_win.cc(73)] ReadMemory at 0x1cb3a43c910 of 132 bytes failed: Solo se completó una parte de una solicitud ReadProcessMemory o WriteProcessMemory. (0x12B)
[1120/200911.096:ERROR:process_memory_win.cc(73)] ReadMemory at 0x1cb3a43ca40 of 132 bytes failed: Solo se completó una parte de una solicitud ReadProcessMemory o WriteProcessMemory. (0x12B)
[1120/200911.096:ERROR:process_memory_win.cc(73)] ReadMemory at 0x1cb3a43cb70 of 132 bytes failed: Solo se completó una parte de una solicitud ReadProcessMemory o WriteProcessMemory. (0x12B)
[1120/200911.096:ERROR:process_memory_win.cc(73)] ReadMemory at 0x1cb3a43cca0 of 132 bytes failed: Solo se completó una parte de una solicitud ReadProcessMemory o WriteProcessMemory. (0x12B)
[1120/200911.096:ERROR:process_memory_win.cc(73)] ReadMemory at 0x1cb3a43cdd0 of 132 bytes failed: Solo se completó una parte de una solicitud ReadProcessMemory o WriteProcessMemory. (0x12B)
[1120/200911.096:ERROR:process_memory_win.cc(73)] ReadMemory at 0x1cb3a43cf00 of 132 bytes failed: Solo se completó una parte de una solicitud ReadProcessMemory o WriteProcessMemory. (0x12B)
[1120/200911.096:ERROR:process_memory_win.cc(73)] ReadMemory at 0x1cb3a43d030 of 132 bytes failed: Solo se completó una parte de una solicitud ReadProcessMemory o WriteProcessMemory. (0x12B)
[1120/200911.096:ERROR:process_memory_win.cc(73)] ReadMemory at 0x1cb3a43d160 of 132 bytes failed: Solo se completó una parte de una solicitud ReadProcessMemory o WriteProcessMemory. (0x12B)
[1120/200911.096:ERROR:process_memory_win.cc(73)] ReadMemory at 0x1cb3a43d290 of 132 bytes failed: Solo se completó una parte de una solicitud ReadProcessMemory o WriteProcessMemory. (0x12B)
[1120/200911.096:ERROR:process_memory_win.cc(73)] ReadMemory at 0x1cb3a43d3c0 of 132 bytes failed: Solo se completó una parte de una solicitud ReadProcessMemory o WriteProcessMemory. (0x12B)
[1120/200911.096:ERROR:process_memory_win.cc(73)] ReadMemory at 0x1cb3a443df0 of 60 bytes failed: Solo se completó una parte de una solicitud ReadProcessMemory o WriteProcessMemory. (0x12B)
[1120/200911.096:ERROR:process_memory_win.cc(73)] ReadMemory at 0x1cb3a444660 of 66 bytes failed: Solo se completó una parte de una solicitud ReadProcessMemory o WriteProcessMemory. (0x12B)
[1120/200911.096:ERROR:process_memory_win.cc(73)] ReadMemory at 0x1cb3a4447f0 of 60 bytes failed: Solo se completó una parte de una solicitud ReadProcessMemory o WriteProcessMemory. (0x12B)
[1120/200911.097:ERROR:process_memory_win.cc(73)] ReadMemory at 0x1cb3a446c20 of 512 bytes failed: Solo se completó una parte de una solicitud ReadProcessMemory o WriteProcessMemory. (0x12B)
[1120/200911.097:ERROR:process_memory_win.cc(73)] ReadMemory at 0x1cb3a4479c0 of 512 bytes failed: Solo se completó una parte de una solicitud ReadProcessMemory o WriteProcessMemory. (0x12B)
[1120/200911.097:ERROR:process_memory_win.cc(73)] ReadMemory at 0x1cb3a44a5b0 of 64 bytes failed: Solo se completó una parte de una solicitud ReadProcessMemory o WriteProcessMemory. (0x12B)
[1120/200911.097:ERROR:process_memory_win.cc(73)] ReadMemory at 0x1cb3a4518b0 of 512 bytes failed: Solo se completó una parte de una solicitud ReadProcessMemory o WriteProcessMemory. (0x12B)
[1120/200911.097:ERROR:process_memory_win.cc(73)] ReadMemory at 0x1cb3a496cb0 of 58 bytes failed: Solo se completó una parte de una solicitud ReadProcessMemory o WriteProcessMemory. (0x12B)
[1120/200911.097:ERROR:process_memory_win.cc(73)] ReadMemory at 0x1cb3a4a5f10 of 118 bytes failed: Solo se completó una parte de una solicitud ReadProcessMemory o WriteProcessMemory. (0x12B)
[1120/200911.097:ERROR:process_memory_win.cc(73)] ReadMemory at 0x1cb3a4a7310 of 118 bytes failed: Solo se completó una parte de una solicitud ReadProcessMemory o WriteProcessMemory. (0x12B)
[1120/200911.097:ERROR:process_memory_win.cc(73)] ReadMemory at 0x1cb3a4a8680 of 64 bytes failed: Solo se completó una parte de una solicitud ReadProcessMemory o WriteProcessMemory. (0x12B)
[1120/200911.097:ERROR:process_memory_win.cc(73)] ReadMemory at 0x1cb3a4a8b80 of 62 bytes failed: Solo se completó una parte de una solicitud ReadProcessMemory o WriteProcessMemory. (0x12B)
[1120/200911.097:ERROR:process_memory_win.cc(73)] ReadMemory at 0x1cb3a4adf80 of 652 bytes failed: Solo se completó una parte de una solicitud ReadProcessMemory o WriteProcessMemory. (0x12B)
[1120/200911.097:ERROR:process_memory_win.cc(73)] ReadMemory at 0x1cb3a4af170 of 54 bytes failed: Solo se completó una parte de una solicitud ReadProcessMemory o WriteProcessMemory. (0x12B)
[1120/200911.097:ERROR:process_memory_win.cc(73)] ReadMemory at 0x1cb3a4affd0 of 512 bytes failed: Solo se completó una parte de una solicitud ReadProcessMemory o WriteProcessMemory. (0x12B)
[1120/200911.097:ERROR:process_memory_win.cc(73)] ReadMemory at 0x1cb3a4b3460 of 132 bytes failed: Solo se completó una parte de una solicitud ReadProcessMemory o WriteProcessMemory. (0x12B)
[1120/200911.097:ERROR:process_memory_win.cc(73)] ReadMemory at 0x1cb3a4b3590 of 132 bytes failed: Solo se completó una parte de una solicitud ReadProcessMemory o WriteProcessMemory. (0x12B)
[1120/200911.097:ERROR:process_memory_win.cc(73)] ReadMemory at 0x1cb3a4b36c0 of 132 bytes failed: Solo se completó una parte de una solicitud ReadProcessMemory o WriteProcessMemory. (0x12B)
[1120/200911.097:ERROR:process_memory_win.cc(73)] ReadMemory at 0x1cb3a4b3920 of 132 bytes failed: Solo se completó una parte de una solicitud ReadProcessMemory o WriteProcessMemory. (0x12B)
[1120/200911.097:ERROR:process_memory_win.cc(73)] ReadMemory at 0x1cb3a4b3a50 of 132 bytes failed: Solo se completó una parte de una solicitud ReadProcessMemory o WriteProcessMemory. (0x12B)
[1120/200911.098:ERROR:process_memory_win.cc(73)] ReadMemory at 0x1cb3a4b3b80 of 132 bytes failed: Solo se completó una parte de una solicitud ReadProcessMemory o WriteProcessMemory. (0x12B)
[1120/200911.098:ERROR:process_memory_win.cc(73)] ReadMemory at 0x1cb3a4b3cb0 of 132 bytes failed: Solo se completó una parte de una solicitud ReadProcessMemory o WriteProcessMemory. (0x12B)
[1120/200911.098:ERROR:process_memory_win.cc(73)] ReadMemory at 0x1cb3a4b4040 of 132 bytes failed: Solo se completó una parte de una solicitud ReadProcessMemory o WriteProcessMemory. (0x12B)
[1120/200911.098:ERROR:process_memory_win.cc(73)] ReadMemory at 0x1cb3a4b4170 of 132 bytes failed: Solo se completó una parte de una solicitud ReadProcessMemory o WriteProcessMemory. (0x12B)
[1120/200911.098:ERROR:process_memory_win.cc(73)] ReadMemory at 0x1cb3a4b42a0 of 132 bytes failed: Solo se completó una parte de una solicitud ReadProcessMemory o WriteProcessMemory. (0x12B)
[1120/200911.098:ERROR:process_memory_win.cc(73)] ReadMemory at 0x1cb3a4b43d0 of 132 bytes failed: Solo se completó una parte de una solicitud ReadProcessMemory o WriteProcessMemory. (0x12B)
[1120/200911.098:ERROR:process_memory_win.cc(73)] ReadMemory at 0x1cb3a4b4500 of 132 bytes failed: Solo se completó una parte de una solicitud ReadProcessMemory o WriteProcessMemory. (0x12B)
[1120/200911.098:ERROR:process_memory_win.cc(73)] ReadMemory at 0x1cb3a4b4630 of 132 bytes failed: Solo se completó una parte de una solicitud ReadProcessMemory o WriteProcessMemory. (0x12B)
[1120/200911.098:ERROR:process_memory_win.cc(73)] ReadMemory at 0x1cb3a4b4760 of 132 bytes failed: Solo se completó una parte de una solicitud ReadProcessMemory o WriteProcessMemory. (0x12B)
[1120/200911.098:ERROR:process_memory_win.cc(73)] ReadMemory at 0x1cb3a4b4890 of 132 bytes failed: Solo se completó una parte de una solicitud ReadProcessMemory o WriteProcessMemory. (0x12B)
[1120/200911.098:ERROR:process_memory_win.cc(73)] ReadMemory at 0x1cb3a4b49c0 of 132 bytes failed: Solo se completó una parte de una solicitud ReadProcessMemory o WriteProcessMemory. (0x12B)
[1120/200911.098:ERROR:process_memory_win.cc(73)] ReadMemory at 0x1cb3a4b4af0 of 132 bytes failed: Solo se completó una parte de una solicitud ReadProcessMemory o WriteProcessMemory. (0x12B)
[1120/200911.098:ERROR:process_memory_win.cc(73)] ReadMemory at 0x1cb3a4b4c20 of 132 bytes failed: Solo se completó una parte de una solicitud ReadProcessMemory o WriteProcessMemory. (0x12B)
[1120/200911.098:ERROR:process_memory_win.cc(73)] ReadMemory at 0x1cb3a4b4d50 of 132 bytes failed: Solo se completó una parte de una solicitud ReadProcessMemory o WriteProcessMemory. (0x12B)
[1120/200911.098:ERROR:process_memory_win.cc(73)] ReadMemory at 0x1cb3a4b4e80 of 132 bytes failed: Solo se completó una parte de una solicitud ReadProcessMemory o WriteProcessMemory. (0x12B)
[1120/200911.098:ERROR:process_memory_win.cc(73)] ReadMemory at 0x1cb3a4b4fb0 of 132 bytes failed: Solo se completó una parte de una solicitud ReadProcessMemory o WriteProcessMemory. (0x12B)
[1120/200911.099:ERROR:process_memory_win.cc(73)] ReadMemory at 0x1cb3a4b50e0 of 132 bytes failed: Solo se completó una parte de una solicitud ReadProcessMemory o WriteProcessMemory. (0x12B)
[1120/200911.099:ERROR:process_memory_win.cc(73)] ReadMemory at 0x1cb3a4b5210 of 132 bytes failed: Solo se completó una parte de una solicitud ReadProcessMemory o WriteProcessMemory. (0x12B)
[1120/200911.099:ERROR:process_memory_win.cc(73)] ReadMemory at 0x1cb3a528ec0 of 62 bytes failed: Solo se completó una parte de una solicitud ReadProcessMemory o WriteProcessMemory. (0x12B)
[1120/200911.099:ERROR:process_memory_win.cc(73)] ReadMemory at 0x1cb3a528f10 of 60 bytes failed: Solo se completó una parte de una solicitud ReadProcessMemory o WriteProcessMemory. (0x12B)
[1120/200911.099:ERROR:process_memory_win.cc(73)] ReadMemory at 0x1cb3a528f60 of 60 bytes failed: Solo se completó una parte de una solicitud ReadProcessMemory o WriteProcessMemory. (0x12B)
[1120/200911.099:ERROR:process_memory_win.cc(73)] ReadMemory at 0x1cb3a529140 of 64 bytes failed: Solo se completó una parte de una solicitud ReadProcessMemory o WriteProcessMemory. (0x12B)
[1120/200911.099:ERROR:process_memory_win.cc(73)] ReadMemory at 0x1cb3a5291e0 of 60 bytes failed: Solo se completó una parte de una solicitud ReadProcessMemory o WriteProcessMemory. (0x12B)
[1120/200911.099:ERROR:process_memory_win.cc(73)] ReadMemory at 0x1cb3a5293c0 of 64 bytes failed: Solo se completó una parte de una solicitud ReadProcessMemory o WriteProcessMemory. (0x12B)
[1120/200911.099:ERROR:process_memory_win.cc(73)] ReadMemory at 0x1cb3a529410 of 62 bytes failed: Solo se completó una parte de una solicitud ReadProcessMemory o WriteProcessMemory. (0x12B)
[1120/200911.099:ERROR:process_memory_win.cc(73)] ReadMemory at 0x1cb3a529500 of 64 bytes failed: Solo se completó una parte de una solicitud ReadProcessMemory o WriteProcessMemory. (0x12B)
[1120/200911.099:ERROR:process_memory_win.cc(73)] ReadMemory at 0x1cb3a5298c0 of 66 bytes failed: Solo se completó una parte de una solicitud ReadProcessMemory o WriteProcessMemory. (0x12B)
[1120/200911.099:ERROR:process_memory_win.cc(73)] ReadMemory at 0x1cb3a529960 of 62 bytes failed: Solo se completó una parte de una solicitud ReadProcessMemory o WriteProcessMemory. (0x12B)
[1120/200911.099:ERROR:process_memory_win.cc(73)] ReadMemory at 0x1cb3a529b90 of 62 bytes failed: Solo se completó una parte de una solicitud ReadProcessMemory o WriteProcessMemory. (0x12B)
[1120/200911.099:ERROR:process_memory_win.cc(73)] ReadMemory at 0x1cb3a529be0 of 64 bytes failed: Solo se completó una parte de una solicitud ReadProcessMemory o WriteProcessMemory. (0x12B)
[1120/200911.099:ERROR:process_memory_win.cc(73)] ReadMemory at 0x1cb3a529c30 of 62 bytes failed: Solo se completó una parte de una solicitud ReadProcessMemory o WriteProcessMemory. (0x12B)
[1120/200911.099:ERROR:process_memory_win.cc(73)] ReadMemory at 0x1cb3a529d20 of 64 bytes failed: Solo se completó una parte de una solicitud ReadProcessMemory o WriteProcessMemory. (0x12B)
[1120/200911.099:ERROR:process_memory_win.cc(73)] ReadMemory at 0x1cb3a529e10 of 62 bytes failed: Solo se completó una parte de una solicitud ReadProcessMemory o WriteProcessMemory. (0x12B)
[1120/200911.100:ERROR:process_memory_win.cc(73)] ReadMemory at 0x1cb3a529e60 of 58 bytes failed: Solo se completó una parte de una solicitud ReadProcessMemory o WriteProcessMemory. (0x12B)
[1120/200911.100:ERROR:process_memory_win.cc(73)] ReadMemory at 0x1cb3a529fa0 of 62 bytes failed: Solo se completó una parte de una solicitud ReadProcessMemory o WriteProcessMemory. (0x12B)
[1120/200911.100:ERROR:process_memory_win.cc(73)] ReadMemory at 0x1cb3a52cac0 of 58 bytes failed: Solo se completó una parte de una solicitud ReadProcessMemory o WriteProcessMemory. (0x12B)
[1120/200911.100:ERROR:process_memory_win.cc(73)] ReadMemory at 0x37ad9a709ea8 of 512 bytes failed: Solo se completó una parte de una solicitud ReadProcessMemory o WriteProcessMemory. (0x12B)
[1120/200911.100:ERROR:process_memory_win.cc(73)] ReadMemory at 0x7ff9ee3b2917 of 512 bytes failed: Solo se completó una parte de una solicitud ReadProcessMemory o WriteProcessMemory. (0x12B)
[1120/200911.100:ERROR:process_memory_win.cc(73)] ReadMemory at 0x7ff9ee3b4d34 of 512 bytes failed: Solo se completó una parte de una solicitud ReadProcessMemory o WriteProcessMemory. (0x12B)
[1120/200911.100:ERROR:process_memory_win.cc(73)] ReadMemory at 0x7ff9efe3c64c of 512 bytes failed: Solo se completó una parte de una solicitud ReadProcessMemory o WriteProcessMemory. (0x12B)
[1120/200911.100:ERROR:process_memory_win.cc(73)] ReadMemory at 0x7ff9f34c7418 of 512 bytes failed: Solo se completó una parte de una solicitud ReadProcessMemory o WriteProcessMemory. (0x12B)
[1120/200911.105:ERROR:scoped_process_suspend.cc(40)] NtResumeProcess: Se intentó obtener acceso a un proceso que está cerrándose. (0xc000010a)
[1121/014408.101:ERROR:process_reader_win.cc(151)] SuspendThread: Acceso denegado. (0x5)
[1121/014408.120:ERROR:exception_snapshot_win.cc(98)] thread ID 15600 not found in process
[1121/135545.989:ERROR:process_info.cc(329)] VirtualQueryEx: Acceso denegado. (0x5)
[1121/135546.003:ERROR:process_info.cc(556)] ReadMemoryInfo failed
[1121/135546.003:ERROR:process_memory_win.cc(39)] Failed to initialize ProcessInfo.
[1121/135546.003:ERROR:scoped_process_suspend.cc(40)] NtResumeProcess: Se intentó obtener acceso a un proceso que está cerrándose. (0xc000010a)
[1121/140245.521:ERROR:process_info.cc(329)] VirtualQueryEx: Acceso denegado. (0x5)
[1121/140245.533:ERROR:process_info.cc(556)] ReadMemoryInfo failed
[1121/140245.533:ERROR:process_memory_win.cc(39)] Failed to initialize ProcessInfo.
[1121/140245.533:ERROR:scoped_process_suspend.cc(40)] NtResumeProcess: Se intentó obtener acceso a un proceso que está cerrándose. (0xc000010a)
[1121/162308.872:ERROR:process_info.cc(329)] VirtualQueryEx: Acceso denegado. (0x5)
[1121/162308.887:ERROR:process_info.cc(556)] ReadMemoryInfo failed
[1121/162308.887:ERROR:scoped_process_suspend.cc(40)] NtResumeProcess: Se intentó obtener acceso a un proceso que está cerrándose. (0xc000010a)
[1121/164207.727:ERROR:registration_protocol_win.cc(84)] TransactNamedPipe: Ha terminado la canalización. (0x6D)
[1121/170955.668:ERROR:registration_protocol_win.cc(84)] TransactNamedPipe: Ha terminado la canalización. (0x6D)
[1121/171157.635:ERROR:registration_protocol_win.cc(84)] TransactNamedPipe: Ha terminado la canalización. (0x6D)
[1121/171520.709:ERROR:registration_protocol_win.cc(84)] TransactNamedPipe: Ha terminado la canalización. (0x6D)
[1121/171832.320:ERROR:registration_protocol_win.cc(84)] TransactNamedPipe: Ha terminado la canalización. (0x6D)
[1121/172120.131:ERROR:registration_protocol_win.cc(84)] TransactNamedPipe: Ha terminado la canalización. (0x6D)
[1121/174156.391:ERROR:registration_protocol_win.cc(84)] TransactNamedPipe: Ha terminado la canalización. (0x6D)
[1121/174345.455:ERROR:registration_protocol_win.cc(84)] TransactNamedPipe: Ha terminado la canalización. (0x6D)
[1122/093712.683:ERROR:registration_protocol_win.cc(84)] TransactNamedPipe: Ha terminado la canalización. (0x6D)
[1125/094915.482:ERROR:registration_protocol_win.cc(84)] TransactNamedPipe: Ha terminado la canalización. (0x6D)
[1125/095104.078:ERROR:registration_protocol_win.cc(84)] TransactNamedPipe: Ha terminado la canalización. (0x6D)
[1125/095409.113:ERROR:registration_protocol_win.cc(84)] TransactNamedPipe: Ha terminado la canalización. (0x6D)
[1125/100038.763:ERROR:registration_protocol_win.cc(84)] TransactNamedPipe: Ha terminado la canalización. (0x6D)
[1125/100240.504:ERROR:registration_protocol_win.cc(84)] TransactNamedPipe: Ha terminado la canalización. (0x6D)
[1125/100848.171:ERROR:registration_protocol_win.cc(84)] TransactNamedPipe: Ha terminado la canalización. (0x6D)
[1125/112911.276:ERROR:registration_protocol_win.cc(84)] TransactNamedPipe: Ha terminado la canalización. (0x6D)
[1125/113031.714:ERROR:registration_protocol_win.cc(84)] TransactNamedPipe: Ha terminado la canalización. (0x6D)
[1125/113334.175:ERROR:registration_protocol_win.cc(84)] TransactNamedPipe: Ha terminado la canalización. (0x6D)
[1125/113530.641:ERROR:registration_protocol_win.cc(84)] TransactNamedPipe: Ha terminado la canalización. (0x6D)
[1125/114303.126:ERROR:registration_protocol_win.cc(84)] TransactNamedPipe: Ha terminado la canalización. (0x6D)
[1125/174753.977:ERROR:registration_protocol_win.cc(84)] TransactNamedPipe: Ha terminado la canalización. (0x6D)
[1125/174923.909:ERROR:registration_protocol_win.cc(84)] TransactNamedPipe: Ha terminado la canalización. (0x6D)
[1125/175704.616:ERROR:registration_protocol_win.cc(84)] TransactNamedPipe: Ha terminado la canalización. (0x6D)
[1125/175926.520:ERROR:registration_protocol_win.cc(84)] TransactNamedPipe: Ha terminado la canalización. (0x6D)
[1125/180518.465:ERROR:registration_protocol_win.cc(84)] TransactNamedPipe: Ha terminado la canalización. (0x6D)
[1126/095540.183:ERROR:registration_protocol_win.cc(84)] TransactNamedPipe: Ha terminado la canalización. (0x6D)
[1126/101240.759:ERROR:registration_protocol_win.cc(84)] TransactNamedPipe: Ha terminado la canalización. (0x6D)
[1126/102127.842:ERROR:registration_protocol_win.cc(84)] TransactNamedPipe: Ha terminado la canalización. (0x6D)
[1126/102316.977:ERROR:registration_protocol_win.cc(84)] TransactNamedPipe: Ha terminado la canalización. (0x6D)
[1126/102701.138:ERROR:registration_protocol_win.cc(84)] TransactNamedPipe: Ha terminado la canalización. (0x6D)
[1126/102938.300:ERROR:registration_protocol_win.cc(84)] TransactNamedPipe: Ha terminado la canalización. (0x6D)
[1126/103110.824:ERROR:registration_protocol_win.cc(84)] TransactNamedPipe: Ha terminado la canalización. (0x6D)
[1126/103249.278:ERROR:registration_protocol_win.cc(84)] TransactNamedPipe: Ha terminado la canalización. (0x6D)
[1126/103527.460:ERROR:registration_protocol_win.cc(84)] TransactNamedPipe: Ha terminado la canalización. (0x6D)
[1126/104011.606:ERROR:registration_protocol_win.cc(84)] TransactNamedPipe: Ha terminado la canalización. (0x6D)
[1126/104534.913:ERROR:registration_protocol_win.cc(84)] TransactNamedPipe: Ha terminado la canalización. (0x6D)
[1126/105253.989:ERROR:registration_protocol_win.cc(84)] TransactNamedPipe: Ha terminado la canalización. (0x6D)
[1126/105706.453:ERROR:registration_protocol_win.cc(84)] TransactNamedPipe: Ha terminado la canalización. (0x6D)
[1126/110223.930:ERROR:registration_protocol_win.cc(84)] TransactNamedPipe: Ha terminado la canalización. (0x6D)
[1126/111335.258:ERROR:registration_protocol_win.cc(84)] TransactNamedPipe: Ha terminado la canalización. (0x6D)
[1126/115018.017:ERROR:registration_protocol_win.cc(84)] TransactNamedPipe: Ha terminado la canalización. (0x6D)
[1126/121227.198:ERROR:registration_protocol_win.cc(84)] TransactNamedPipe: Ha terminado la canalización. (0x6D)
[1126/121453.271:ERROR:registration_protocol_win.cc(84)] TransactNamedPipe: Ha terminado la canalización. (0x6D)
[1126/121707.408:ERROR:registration_protocol_win.cc(84)] TransactNamedPipe: Ha terminado la canalización. (0x6D)
[1126/121906.099:ERROR:registration_protocol_win.cc(84)] TransactNamedPipe: Ha terminado la canalización. (0x6D)
[1126/122009.331:ERROR:registration_protocol_win.cc(84)] TransactNamedPipe: Ha terminado la canalización. (0x6D)
[1126/143552.648:ERROR:registration_protocol_win.cc(84)] TransactNamedPipe: Ha terminado la canalización. (0x6D)
[1126/151204.361:ERROR:registration_protocol_win.cc(84)] TransactNamedPipe: Ha terminado la canalización. (0x6D)
[1126/152115.611:ERROR:registration_protocol_win.cc(84)] TransactNamedPipe: Ha terminado la canalización. (0x6D)
[1126/153033.224:ERROR:registration_protocol_win.cc(84)] TransactNamedPipe: Ha terminado la canalización. (0x6D)
[1126/154717.739:ERROR:registration_protocol_win.cc(84)] TransactNamedPipe: Ha terminado la canalización. (0x6D)
[1127/104607.497:ERROR:registration_protocol_win.cc(84)] TransactNamedPipe: Ha terminado la canalización. (0x6D)
[1127/105926.178:ERROR:registration_protocol_win.cc(84)] TransactNamedPipe: Ha terminado la canalización. (0x6D)
[1127/110146.106:ERROR:registration_protocol_win.cc(84)] TransactNamedPipe: Ha terminado la canalización. (0x6D)
[1127/111654.669:ERROR:registration_protocol_win.cc(84)] TransactNamedPipe: Ha terminado la canalización. (0x6D)
[1127/111824.496:ERROR:registration_protocol_win.cc(84)] TransactNamedPipe: Ha terminado la canalización. (0x6D)
[1127/112034.669:ERROR:registration_protocol_win.cc(84)] TransactNamedPipe: Ha terminado la canalización. (0x6D)
